{"ts": "2025-12-19T18:30:33.942766+00:00", "lvl": "INFO", "cmp": "ADAAD.gatekeeper", "msg": "review start", "ctx": {"ticket": "one"}}
{"ts": "2025-12-19T18:30:33.945191+00:00", "lvl": "ERROR", "cmp": "ADAAD.gatekeeper", "msg": "agent validation failed", "ctx": {"ticket": "one", "detail": {"missing": [["dna.json", "certificate.json"]], "schema_violations": [[]], "agents": ["demo"]}}}
{"ts": "2025-12-19T18:30:33.958172+00:00", "lvl": "ERROR", "cmp": "ADAAD.gatekeeper", "msg": "ticket parse failed", "ctx": {"ticket": "data/work/02_review/bad.json", "exc_type": "JSONDecodeError", "exc_msg": "Expecting property name enclosed in double quotes: line 1 column 2 (char 1)", "traceback": ["Traceback (most recent call last):\n", "  File \"/data/data/com.termux/files/home/Hd65/User-ready-ADAAD/runtime/tools/gatekeeper.py\", line 65, in process_review_tickets\n    ticket = json.loads(ticket_path.read_text(encoding=\"utf-8\"))\n             ^^^^^^^^^^^^^^^^^^^^^^^^^^^^^^^^^^^^^^^^^^^^^^^^^^^\n", "  File \"/data/data/com.termux/files/usr/lib/python3.12/json/__init__.py\", line 346, in loads\n    return _default_decoder.decode(s)\n           ^^^^^^^^^^^^^^^^^^^^^^^^^^\n", "  File \"/data/data/com.termux/files/usr/lib/python3.12/json/decoder.py\", line 338, in decode\n    obj, end = self.raw_decode(s, idx=_w(s, 0).end())\n               ^^^^^^^^^^^^^^^^^^^^^^^^^^^^^^^^^^^^^^\n", "  File \"/data/data/com.termux/files/usr/lib/python3.12/json/decoder.py\", line 354, in raw_decode\n    obj, end = self.scan_once(s, idx)\n               ^^^^^^^^^^^^^^^^^^^^^^\n", "json.decoder.JSONDecodeError: Expecting property name enclosed in double quotes: line 1 column 2 (char 1)\n"]}}
{"ts": "2025-12-19T19:04:42.023949+00:00", "lvl": "INFO", "cmp": "ADAAD.gatekeeper", "msg": "review start", "ctx": {"ticket": "one"}}
{"ts": "2025-12-19T19:04:42.025687+00:00", "lvl": "ERROR", "cmp": "ADAAD.gatekeeper", "msg": "agent validation failed", "ctx": {"ticket": "one", "detail": {"missing": [["dna.json", "certificate.json"]], "schema_violations": [[]], "agents": ["demo"]}}}
{"ts": "2025-12-19T19:04:42.038161+00:00", "lvl": "ERROR", "cmp": "ADAAD.gatekeeper", "msg": "ticket parse failed", "ctx": {"ticket": "data/work/02_review/bad.json", "exc_type": "JSONDecodeError", "exc_msg": "Expecting property name enclosed in double quotes: line 1 column 2 (char 1)", "traceback": ["Traceback (most recent call last):\n", "  File \"/data/data/com.termux/files/home/Hd65/User-ready-ADAAD/runtime/tools/gatekeeper.py\", line 65, in process_review_tickets\n    ticket = json.loads(ticket_path.read_text(encoding=\"utf-8\"))\n             ^^^^^^^^^^^^^^^^^^^^^^^^^^^^^^^^^^^^^^^^^^^^^^^^^^^\n", "  File \"/data/data/com.termux/files/usr/lib/python3.12/json/__init__.py\", line 346, in loads\n    return _default_decoder.decode(s)\n           ^^^^^^^^^^^^^^^^^^^^^^^^^^\n", "  File \"/data/data/com.termux/files/usr/lib/python3.12/json/decoder.py\", line 338, in decode\n    obj, end = self.raw_decode(s, idx=_w(s, 0).end())\n               ^^^^^^^^^^^^^^^^^^^^^^^^^^^^^^^^^^^^^^\n", "  File \"/data/data/com.termux/files/usr/lib/python3.12/json/decoder.py\", line 354, in raw_decode\n    obj, end = self.scan_once(s, idx)\n               ^^^^^^^^^^^^^^^^^^^^^^\n", "json.decoder.JSONDecodeError: Expecting property name enclosed in double quotes: line 1 column 2 (char 1)\n"]}}
{"ts": "2025-12-19T19:06:22.737271+00:00", "lvl": "INFO", "cmp": "ADAAD.gatekeeper", "msg": "review start", "ctx": {"ticket": "one"}}
{"ts": "2025-12-19T19:06:22.741261+00:00", "lvl": "ERROR", "cmp": "ADAAD.gatekeeper", "msg": "agent validation failed", "ctx": {"ticket": "one", "detail": {"missing": [["dna.json", "certificate.json"]], "schema_violations": [[]], "agents": ["demo"]}}}
{"ts": "2025-12-19T19:06:22.787507+00:00", "lvl": "ERROR", "cmp": "ADAAD.gatekeeper", "msg": "ticket parse failed", "ctx": {"ticket": "data/work/02_review/bad.json", "exc_type": "JSONDecodeError", "exc_msg": "Expecting property name enclosed in double quotes: line 1 column 2 (char 1)", "traceback": ["Traceback (most recent call last):\n", "  File \"/data/data/com.termux/files/home/Hd65/User-ready-ADAAD/runtime/tools/gatekeeper.py\", line 65, in process_review_tickets\n    ticket = json.loads(ticket_path.read_text(encoding=\"utf-8\"))\n             ^^^^^^^^^^^^^^^^^^^^^^^^^^^^^^^^^^^^^^^^^^^^^^^^^^^\n", "  File \"/data/data/com.termux/files/usr/lib/python3.12/json/__init__.py\", line 346, in loads\n    return _default_decoder.decode(s)\n           ^^^^^^^^^^^^^^^^^^^^^^^^^^\n", "  File \"/data/data/com.termux/files/usr/lib/python3.12/json/decoder.py\", line 338, in decode\n    obj, end = self.raw_decode(s, idx=_w(s, 0).end())\n               ^^^^^^^^^^^^^^^^^^^^^^^^^^^^^^^^^^^^^^\n", "  File \"/data/data/com.termux/files/usr/lib/python3.12/json/decoder.py\", line 354, in raw_decode\n    obj, end = self.scan_once(s, idx)\n               ^^^^^^^^^^^^^^^^^^^^^^\n", "json.decoder.JSONDecodeError: Expecting property name enclosed in double quotes: line 1 column 2 (char 1)\n"]}}
{"ts": "2025-12-19T19:06:34.349249+00:00", "lvl": "INFO", "cmp": "ADAAD.gatekeeper", "msg": "review start", "ctx": {"ticket": "one"}}
{"ts": "2025-12-19T19:06:34.352357+00:00", "lvl": "ERROR", "cmp": "ADAAD.gatekeeper", "msg": "agent validation failed", "ctx": {"ticket": "one", "detail": {"missing": [["dna.json", "certificate.json"]], "schema_violations": [[]], "agents": ["demo"]}}}
{"ts": "2025-12-19T19:06:34.377476+00:00", "lvl": "ERROR", "cmp": "ADAAD.gatekeeper", "msg": "ticket parse failed", "ctx": {"ticket": "data/work/02_review/bad.json", "exc_type": "JSONDecodeError", "exc_msg": "Expecting property name enclosed in double quotes: line 1 column 2 (char 1)", "traceback": ["Traceback (most recent call last):\n", "  File \"/data/data/com.termux/files/home/Hd65/User-ready-ADAAD/runtime/tools/gatekeeper.py\", line 65, in process_review_tickets\n    ticket = json.loads(ticket_path.read_text(encoding=\"utf-8\"))\n             ^^^^^^^^^^^^^^^^^^^^^^^^^^^^^^^^^^^^^^^^^^^^^^^^^^^\n", "  File \"/data/data/com.termux/files/usr/lib/python3.12/json/__init__.py\", line 346, in loads\n    return _default_decoder.decode(s)\n           ^^^^^^^^^^^^^^^^^^^^^^^^^^\n", "  File \"/data/data/com.termux/files/usr/lib/python3.12/json/decoder.py\", line 338, in decode\n    obj, end = self.raw_decode(s, idx=_w(s, 0).end())\n               ^^^^^^^^^^^^^^^^^^^^^^^^^^^^^^^^^^^^^^\n", "  File \"/data/data/com.termux/files/usr/lib/python3.12/json/decoder.py\", line 354, in raw_decode\n    obj, end = self.scan_once(s, idx)\n               ^^^^^^^^^^^^^^^^^^^^^^\n", "json.decoder.JSONDecodeError: Expecting property name enclosed in double quotes: line 1 column 2 (char 1)\n"]}}
{"ts": "2025-12-19T19:10:41.538972+00:00", "lvl": "INFO", "cmp": "ADAAD.gatekeeper", "msg": "review start", "ctx": {"ticket": "one"}}
{"ts": "2025-12-19T19:10:41.541779+00:00", "lvl": "ERROR", "cmp": "ADAAD.gatekeeper", "msg": "agent validation failed", "ctx": {"ticket": "one", "detail": {"missing": [["dna.json", "certificate.json"]], "schema_violations": [[]], "agents": ["demo"]}}}
{"ts": "2025-12-19T19:10:41.553579+00:00", "lvl": "ERROR", "cmp": "ADAAD.gatekeeper", "msg": "ticket parse failed", "ctx": {"ticket": "data/work/02_review/bad.json", "exc_type": "JSONDecodeError", "exc_msg": "Expecting property name enclosed in double quotes: line 1 column 2 (char 1)", "traceback": ["Traceback (most recent call last):\n", "  File \"/data/data/com.termux/files/home/Hd65/User-ready-ADAAD/runtime/tools/gatekeeper.py\", line 65, in process_review_tickets\n    ticket = json.loads(ticket_path.read_text(encoding=\"utf-8\"))\n             ^^^^^^^^^^^^^^^^^^^^^^^^^^^^^^^^^^^^^^^^^^^^^^^^^^^\n", "  File \"/data/data/com.termux/files/usr/lib/python3.12/json/__init__.py\", line 346, in loads\n    return _default_decoder.decode(s)\n           ^^^^^^^^^^^^^^^^^^^^^^^^^^\n", "  File \"/data/data/com.termux/files/usr/lib/python3.12/json/decoder.py\", line 338, in decode\n    obj, end = self.raw_decode(s, idx=_w(s, 0).end())\n               ^^^^^^^^^^^^^^^^^^^^^^^^^^^^^^^^^^^^^^\n", "  File \"/data/data/com.termux/files/usr/lib/python3.12/json/decoder.py\", line 354, in raw_decode\n    obj, end = self.scan_once(s, idx)\n               ^^^^^^^^^^^^^^^^^^^^^^\n", "json.decoder.JSONDecodeError: Expecting property name enclosed in double quotes: line 1 column 2 (char 1)\n"]}}
